<?xml version="1.0" encoding="UTF-8"?>
<!-- Generated by org.testng.reporters.JUnitReportReporter -->
<testsuite hostname="DESKTOP-MI999H5" failures="0" tests="2" name="Automation.TestNG1" time="0.031" errors="0" timestamp="2023-01-03T23:11:11 IST" skipped="0">
  <testcase classname="Automation.TestNG1" name="a1" time="0.027"/>
  <system-out/>
  <testcase classname="Automation.TestNG1" name="a2" time="0.004"/>
  <system-out/>
</testsuite> <!-- Automation.TestNG1 -->
