<?xml version="1.0" encoding="UTF-8"?>
<!-- Generated by org.testng.reporters.JUnitReportReporter -->
<testsuite hostname="DESKTOP-MI999H5" failures="0" tests="1" name="com.facebook.tests.loginTest" time="7.090" errors="0" timestamp="2023-03-08T20:15:38 IST" skipped="0">
  <testcase classname="com.facebook.tests.loginTest" name="LoginTest" time="7.090"/>
  <system-out/>
</testsuite> <!-- com.facebook.tests.loginTest -->
