<?xml version="1.0" encoding="UTF-8"?>
<!-- Generated by org.testng.reporters.JUnitReportReporter -->
<testsuite hostname="DESKTOP-MI999H5" failures="0" tests="4" name="Automation.TaestNG3" time="0.046" errors="0" timestamp="2023-03-07T20:21:05 IST" skipped="0">
  <testcase classname="Automation.TaestNG3" name="a" time="0.016"/>
  <system-out/>
  <testcase classname="Automation.TaestNG3" name="d" time="0.004"/>
  <system-out/>
  <testcase classname="Automation.TaestNG3" name="c" time="0.010"/>
  <system-out/>
  <testcase classname="Automation.TaestNG3" name="b" time="0.016"/>
  <system-out/>
</testsuite> <!-- Automation.TaestNG3 -->
